Arguments: 
  C:\Program Files\nodejs\node.exe C:\Program Files (x86)\Yarn\bin\yarn.js add types]Script -D

PATH: 
  C:\cmder\bin;C:\cmder\vendor\bin;C:\cmder\vendor\conemu-maximus5\ConEmu\Scripts;C:\cmder\vendor\conemu-maximus5;C:\cmder\vendor\conemu-maximus5\ConEmu;C:\Program Files (x86)\Common Files\Oracle\Java\javapath;C:\Python27\;C:\Python27\Scripts;C:\WINDOWS\system32;C:\WINDOWS;C:\WINDOWS\System32\Wbem;C:\WINDOWS\System32\WindowsPowerShell\v1.0\;C:\WINDOWS\System32\OpenSSH\;C:\ProgramData\chocolatey\bin;C:\Program Files\nodejs\;C:\Program Files\Git\cmd;C:\Program Files (x86)\Yarn\bin\;C:\Program Files\Java\jdk1.8.0_251\bin;C:\Users\Wesley Guerra\AppData\Local\Android\Sdk\plataform-tools;C:\Users\Wesley Guerra\AppData\Local\Android\Sdk\emulator;C:\Users\Wesley Guerra\AppData\Local\Android\Sdk\tools;C:\Users\Wesley Guerra\AppData\Local\Android\Sdk\tools\bin;C:\Users\Wesley Guerra\AppData\Local\Android\Sdk\platform-tools;C:\Users\Wesley Guerra\AppData\Local\Microsoft\WindowsApps;C:\Users\Wesley Guerra\AppData\Roaming\npm;C:\Users\Wesley Guerra\AppData\Local\Programs\Microsoft VS Code\bin;C:\Users\Wesley Guerra\AppData\Local\Yarn\bin;C:\Program Files\Git\mingw64\bin;C:\Program Files\Git\usr\bin;C:\cmder;C:\cmder\vendor\git-for-windows\cmd;C:\cmder\vendor\git-for-windows\mingw64\bin;C:\cmder\vendor\git-for-windows\usr\bin

Yarn version: 
  1.22.4

Node version: 
  12.16.1

Platform: 
  win32 x64

Trace: 
  Error: https://registry.yarnpkg.com/types]Script: Not found
      at Request.params.callback [as _callback] (C:\Program Files (x86)\Yarn\lib\cli.js:66096:18)
      at Request.self.callback (C:\Program Files (x86)\Yarn\lib\cli.js:140748:22)
      at Request.emit (events.js:311:20)
      at Request.<anonymous> (C:\Program Files (x86)\Yarn\lib\cli.js:141720:10)
      at Request.emit (events.js:311:20)
      at IncomingMessage.<anonymous> (C:\Program Files (x86)\Yarn\lib\cli.js:141642:12)
      at Object.onceWrapper (events.js:417:28)
      at IncomingMessage.emit (events.js:323:22)
      at endReadableNT (_stream_readable.js:1204:12)
      at processTicksAndRejections (internal/process/task_queues.js:84:21)

npm manifest: 
  {
    "name": "typeScript",
    "version": "1.0.0",
    "main": "index.js",
    "license": "MIT"
  }

yarn manifest: 
  No manifest

Lockfile: 
  No lockfile
